<?xml version="1.0" encoding="UTF-8"?>
<testsuite xmlns:xsi="http://www.w3.org/2001/XMLSchema-instance" xsi:noNamespaceSchemaLocation="https://maven.apache.org/surefire/maven-surefire-plugin/xsd/surefire-test-report-3.0.xsd" version="3.0" name="TestSuite" time="16.188" tests="4" errors="0" skipped="0" failures="0">
  <properties>
    <property name="java.specification.version" value="19"/>
    <property name="sun.cpu.isalist" value="amd64"/>
    <property name="sun.jnu.encoding" value="Cp1252"/>
    <property name="java.class.path" value="C:\Users\home\Documents\New folder (2)\RestAssured\target\test-classes;C:\Users\home\Documents\New folder (2)\RestAssured\target\classes;C:\Users\home\.m2\repository\io\rest-assured\rest-assured\5.4.0\rest-assured-5.4.0.jar;C:\Users\home\.m2\repository\org\apache\groovy\groovy\4.0.16\groovy-4.0.16.jar;C:\Users\home\.m2\repository\org\apache\groovy\groovy-xml\4.0.16\groovy-xml-4.0.16.jar;C:\Users\home\.m2\repository\org\apache\httpcomponents\httpclient\4.5.13\httpclient-4.5.13.jar;C:\Users\home\.m2\repository\org\apache\httpcomponents\httpcore\4.4.13\httpcore-4.4.13.jar;C:\Users\home\.m2\repository\commons-logging\commons-logging\1.2\commons-logging-1.2.jar;C:\Users\home\.m2\repository\commons-codec\commons-codec\1.11\commons-codec-1.11.jar;C:\Users\home\.m2\repository\org\apache\httpcomponents\httpmime\4.5.13\httpmime-4.5.13.jar;C:\Users\home\.m2\repository\org\hamcrest\hamcrest\2.2\hamcrest-2.2.jar;C:\Users\home\.m2\repository\org\ccil\cowan\tagsoup\tagsoup\1.2.1\tagsoup-1.2.1.jar;C:\Users\home\.m2\repository\io\rest-assured\xml-path\5.4.0\xml-path-5.4.0.jar;C:\Users\home\.m2\repository\org\apache\commons\commons-lang3\3.11\commons-lang3-3.11.jar;C:\Users\home\.m2\repository\io\rest-assured\json-path\5.4.0\json-path-5.4.0.jar;C:\Users\home\.m2\repository\org\apache\groovy\groovy-json\4.0.16\groovy-json-4.0.16.jar;C:\Users\home\.m2\repository\io\rest-assured\rest-assured-common\5.4.0\rest-assured-common-5.4.0.jar;C:\Users\home\.m2\repository\io\rest-assured\json-schema-validator\5.3.0\json-schema-validator-5.3.0.jar;C:\Users\home\.m2\repository\com\github\java-json-tools\json-schema-validator\2.2.14\json-schema-validator-2.2.14.jar;C:\Users\home\.m2\repository\com\google\guava\guava\28.2-android\guava-28.2-android.jar;C:\Users\home\.m2\repository\com\google\guava\failureaccess\1.0.1\failureaccess-1.0.1.jar;C:\Users\home\.m2\repository\com\google\guava\listenablefuture\9999.0-empty-to-avoid-conflict-with-guava\listenablefuture-9999.0-empty-to-avoid-conflict-with-guava.jar;C:\Users\home\.m2\repository\org\checkerframework\checker-compat-qual\2.5.5\checker-compat-qual-2.5.5.jar;C:\Users\home\.m2\repository\com\google\errorprone\error_prone_annotations\2.3.4\error_prone_annotations-2.3.4.jar;C:\Users\home\.m2\repository\com\google\j2objc\j2objc-annotations\1.3\j2objc-annotations-1.3.jar;C:\Users\home\.m2\repository\com\github\java-json-tools\jackson-coreutils-equivalence\1.0\jackson-coreutils-equivalence-1.0.jar;C:\Users\home\.m2\repository\com\github\java-json-tools\jackson-coreutils\2.0\jackson-coreutils-2.0.jar;C:\Users\home\.m2\repository\com\github\java-json-tools\msg-simple\1.2\msg-simple-1.2.jar;C:\Users\home\.m2\repository\com\github\java-json-tools\btf\1.3\btf-1.3.jar;C:\Users\home\.m2\repository\com\github\java-json-tools\json-schema-core\1.2.14\json-schema-core-1.2.14.jar;C:\Users\home\.m2\repository\com\github\java-json-tools\uri-template\0.10\uri-template-0.10.jar;C:\Users\home\.m2\repository\org\mozilla\rhino\1.7.7.2\rhino-1.7.7.2.jar;C:\Users\home\.m2\repository\com\sun\mail\mailapi\1.6.2\mailapi-1.6.2.jar;C:\Users\home\.m2\repository\joda-time\joda-time\2.10.5\joda-time-2.10.5.jar;C:\Users\home\.m2\repository\com\googlecode\libphonenumber\libphonenumber\8.11.1\libphonenumber-8.11.1.jar;C:\Users\home\.m2\repository\net\sf\jopt-simple\jopt-simple\5.0.4\jopt-simple-5.0.4.jar;C:\Users\home\.m2\repository\org\json\json\20220320\json-20220320.jar;C:\Users\home\.m2\repository\com\github\scribejava\scribejava-apis\8.3.1\scribejava-apis-8.3.1.jar;C:\Users\home\.m2\repository\com\github\scribejava\scribejava-core\8.3.1\scribejava-core-8.3.1.jar;C:\Users\home\.m2\repository\com\github\scribejava\scribejava-java8\8.3.1\scribejava-java8-8.3.1.jar;C:\Users\home\.m2\repository\com\fasterxml\jackson\core\jackson-databind\2.12.3\jackson-databind-2.12.3.jar;C:\Users\home\.m2\repository\com\fasterxml\jackson\core\jackson-annotations\2.12.3\jackson-annotations-2.12.3.jar;C:\Users\home\.m2\repository\com\fasterxml\jackson\core\jackson-core\2.12.3\jackson-core-2.12.3.jar;C:\Users\home\.m2\repository\org\testng\testng\7.6.1\testng-7.6.1.jar;C:\Users\home\.m2\repository\com\google\code\findbugs\jsr305\3.0.2\jsr305-3.0.2.jar;C:\Users\home\.m2\repository\org\slf4j\slf4j-api\1.7.36\slf4j-api-1.7.36.jar;C:\Users\home\.m2\repository\com\beust\jcommander\1.82\jcommander-1.82.jar;C:\Users\home\.m2\repository\org\webjars\jquery\3.6.0\jquery-3.6.0.jar;C:\Users\home\.m2\repository\com\google\code\gson\gson\2.10.1\gson-2.10.1.jar;C:\Users\home\.m2\repository\xml-apis\xml-apis\1.4.01\xml-apis-1.4.01.jar;"/>
    <property name="java.vm.vendor" value="Oracle Corporation"/>
    <property name="sun.arch.data.model" value="64"/>
    <property name="user.variant" value=""/>
    <property name="java.vendor.url" value="https://java.oracle.com/"/>
    <property name="user.timezone" value="Asia/Calcutta"/>
    <property name="os.name" value="Windows 7"/>
    <property name="java.vm.specification.version" value="19"/>
    <property name="sun.java.launcher" value="SUN_STANDARD"/>
    <property name="user.country" value="US"/>
    <property name="sun.boot.library.path" value="C:\Program Files\Java\jdk-19\bin"/>
    <property name="sun.java.command" value="C:\Users\home\AppData\Local\Temp\surefire3545113909258043032\surefirebooter-20240325220949466_3.jar C:\Users\home\AppData\Local\Temp\surefire3545113909258043032 2024-03-25T22-09-48_343-jvmRun1 surefire-20240325220949466_1tmp surefire_0-20240325220949466_2tmp"/>
    <property name="jdk.debug" value="release"/>
    <property name="surefire.test.class.path" value="C:\Users\home\Documents\New folder (2)\RestAssured\target\test-classes;C:\Users\home\Documents\New folder (2)\RestAssured\target\classes;C:\Users\home\.m2\repository\io\rest-assured\rest-assured\5.4.0\rest-assured-5.4.0.jar;C:\Users\home\.m2\repository\org\apache\groovy\groovy\4.0.16\groovy-4.0.16.jar;C:\Users\home\.m2\repository\org\apache\groovy\groovy-xml\4.0.16\groovy-xml-4.0.16.jar;C:\Users\home\.m2\repository\org\apache\httpcomponents\httpclient\4.5.13\httpclient-4.5.13.jar;C:\Users\home\.m2\repository\org\apache\httpcomponents\httpcore\4.4.13\httpcore-4.4.13.jar;C:\Users\home\.m2\repository\commons-logging\commons-logging\1.2\commons-logging-1.2.jar;C:\Users\home\.m2\repository\commons-codec\commons-codec\1.11\commons-codec-1.11.jar;C:\Users\home\.m2\repository\org\apache\httpcomponents\httpmime\4.5.13\httpmime-4.5.13.jar;C:\Users\home\.m2\repository\org\hamcrest\hamcrest\2.2\hamcrest-2.2.jar;C:\Users\home\.m2\repository\org\ccil\cowan\tagsoup\tagsoup\1.2.1\tagsoup-1.2.1.jar;C:\Users\home\.m2\repository\io\rest-assured\xml-path\5.4.0\xml-path-5.4.0.jar;C:\Users\home\.m2\repository\org\apache\commons\commons-lang3\3.11\commons-lang3-3.11.jar;C:\Users\home\.m2\repository\io\rest-assured\json-path\5.4.0\json-path-5.4.0.jar;C:\Users\home\.m2\repository\org\apache\groovy\groovy-json\4.0.16\groovy-json-4.0.16.jar;C:\Users\home\.m2\repository\io\rest-assured\rest-assured-common\5.4.0\rest-assured-common-5.4.0.jar;C:\Users\home\.m2\repository\io\rest-assured\json-schema-validator\5.3.0\json-schema-validator-5.3.0.jar;C:\Users\home\.m2\repository\com\github\java-json-tools\json-schema-validator\2.2.14\json-schema-validator-2.2.14.jar;C:\Users\home\.m2\repository\com\google\guava\guava\28.2-android\guava-28.2-android.jar;C:\Users\home\.m2\repository\com\google\guava\failureaccess\1.0.1\failureaccess-1.0.1.jar;C:\Users\home\.m2\repository\com\google\guava\listenablefuture\9999.0-empty-to-avoid-conflict-with-guava\listenablefuture-9999.0-empty-to-avoid-conflict-with-guava.jar;C:\Users\home\.m2\repository\org\checkerframework\checker-compat-qual\2.5.5\checker-compat-qual-2.5.5.jar;C:\Users\home\.m2\repository\com\google\errorprone\error_prone_annotations\2.3.4\error_prone_annotations-2.3.4.jar;C:\Users\home\.m2\repository\com\google\j2objc\j2objc-annotations\1.3\j2objc-annotations-1.3.jar;C:\Users\home\.m2\repository\com\github\java-json-tools\jackson-coreutils-equivalence\1.0\jackson-coreutils-equivalence-1.0.jar;C:\Users\home\.m2\repository\com\github\java-json-tools\jackson-coreutils\2.0\jackson-coreutils-2.0.jar;C:\Users\home\.m2\repository\com\github\java-json-tools\msg-simple\1.2\msg-simple-1.2.jar;C:\Users\home\.m2\repository\com\github\java-json-tools\btf\1.3\btf-1.3.jar;C:\Users\home\.m2\repository\com\github\java-json-tools\json-schema-core\1.2.14\json-schema-core-1.2.14.jar;C:\Users\home\.m2\repository\com\github\java-json-tools\uri-template\0.10\uri-template-0.10.jar;C:\Users\home\.m2\repository\org\mozilla\rhino\1.7.7.2\rhino-1.7.7.2.jar;C:\Users\home\.m2\repository\com\sun\mail\mailapi\1.6.2\mailapi-1.6.2.jar;C:\Users\home\.m2\repository\joda-time\joda-time\2.10.5\joda-time-2.10.5.jar;C:\Users\home\.m2\repository\com\googlecode\libphonenumber\libphonenumber\8.11.1\libphonenumber-8.11.1.jar;C:\Users\home\.m2\repository\net\sf\jopt-simple\jopt-simple\5.0.4\jopt-simple-5.0.4.jar;C:\Users\home\.m2\repository\org\json\json\20220320\json-20220320.jar;C:\Users\home\.m2\repository\com\github\scribejava\scribejava-apis\8.3.1\scribejava-apis-8.3.1.jar;C:\Users\home\.m2\repository\com\github\scribejava\scribejava-core\8.3.1\scribejava-core-8.3.1.jar;C:\Users\home\.m2\repository\com\github\scribejava\scribejava-java8\8.3.1\scribejava-java8-8.3.1.jar;C:\Users\home\.m2\repository\com\fasterxml\jackson\core\jackson-databind\2.12.3\jackson-databind-2.12.3.jar;C:\Users\home\.m2\repository\com\fasterxml\jackson\core\jackson-annotations\2.12.3\jackson-annotations-2.12.3.jar;C:\Users\home\.m2\repository\com\fasterxml\jackson\core\jackson-core\2.12.3\jackson-core-2.12.3.jar;C:\Users\home\.m2\repository\org\testng\testng\7.6.1\testng-7.6.1.jar;C:\Users\home\.m2\repository\com\google\code\findbugs\jsr305\3.0.2\jsr305-3.0.2.jar;C:\Users\home\.m2\repository\org\slf4j\slf4j-api\1.7.36\slf4j-api-1.7.36.jar;C:\Users\home\.m2\repository\com\beust\jcommander\1.82\jcommander-1.82.jar;C:\Users\home\.m2\repository\org\webjars\jquery\3.6.0\jquery-3.6.0.jar;C:\Users\home\.m2\repository\com\google\code\gson\gson\2.10.1\gson-2.10.1.jar;C:\Users\home\.m2\repository\xml-apis\xml-apis\1.4.01\xml-apis-1.4.01.jar;"/>
    <property name="sun.cpu.endian" value="little"/>
    <property name="user.home" value="C:\Users\home"/>
    <property name="user.language" value="en"/>
    <property name="java.specification.vendor" value="Oracle Corporation"/>
    <property name="java.version.date" value="2022-09-20"/>
    <property name="java.home" value="C:\Program Files\Java\jdk-19"/>
    <property name="file.separator" value="\"/>
    <property name="basedir" value="C:\Users\home\Documents\New folder (2)\RestAssured"/>
    <property name="java.vm.compressedOopsMode" value="32-bit"/>
    <property name="line.separator" value="&#10;"/>
    <property name="java.vm.specification.vendor" value="Oracle Corporation"/>
    <property name="java.specification.name" value="Java Platform API Specification"/>
    <property name="surefire.real.class.path" value="C:\Users\home\AppData\Local\Temp\surefire3545113909258043032\surefirebooter-20240325220949466_3.jar"/>
    <property name="user.script" value=""/>
    <property name="sun.management.compiler" value="HotSpot 64-Bit Tiered Compilers"/>
    <property name="java.runtime.version" value="19+36-2238"/>
    <property name="user.name" value="home"/>
    <property name="stdout.encoding" value="Cp1252"/>
    <property name="path.separator" value=";"/>
    <property name="os.version" value="6.1"/>
    <property name="java.runtime.name" value="Java(TM) SE Runtime Environment"/>
    <property name="file.encoding" value="UTF-8"/>
    <property name="java.vm.name" value="Java HotSpot(TM) 64-Bit Server VM"/>
    <property name="localRepository" value="C:\Users\home\.m2\repository"/>
    <property name="java.vendor.url.bug" value="https://bugreport.java.com/bugreport/"/>
    <property name="java.io.tmpdir" value="C:\Users\home\AppData\Local\Temp\"/>
    <property name="java.version" value="19"/>
    <property name="user.dir" value="C:\Users\home\Documents\New folder (2)\RestAssured"/>
    <property name="os.arch" value="amd64"/>
    <property name="java.vm.specification.name" value="Java Virtual Machine Specification"/>
    <property name="sun.os.patch.level" value="Service Pack 1"/>
    <property name="native.encoding" value="Cp1252"/>
    <property name="java.library.path" value="C:\Program Files\Java\jdk-19\bin;C:\Windows\Sun\Java\bin;C:\Windows\system32;C:\Windows;C:\Program Files\apache-maven-3.9.2\bin;C:\xampp\php;C:\Program Files\Java\jdk-19\bin;C:\Program Files\Git\cmd;C:\Windows\System32;C:\node32;C:\Program Files\JetBrains\IntelliJ IDEA Community Edition 2023.2.3\bin;;."/>
    <property name="java.vm.info" value="mixed mode, sharing"/>
    <property name="stderr.encoding" value="Cp1252"/>
    <property name="java.vendor" value="Oracle Corporation"/>
    <property name="java.vm.version" value="19+36-2238"/>
    <property name="sun.io.unicode.encoding" value="UnicodeLittle"/>
    <property name="java.class.version" value="63.0"/>
  </properties>
  <testcase name="createUser" classname="org.rest.ass.Beginning" time="12.145">
    <system-err><![CDATA[SLF4J: Failed to load class "org.slf4j.impl.StaticLoggerBinder".
SLF4J: Defaulting to no-operation (NOP) logger implementation
SLF4J: See http://www.slf4j.org/codes.html#StaticLoggerBinder for further details.
]]></system-err>
  </testcase>
  <testcase name="updateUser" classname="org.rest.ass.Beginning" time="1.046">
    <system-out><![CDATA[HTTP/1.1 201 Created
Date: Mon, 25 Mar 2024 16:40:05 GMT
Content-Type: application/json; charset=utf-8
Content-Length: 125
Connection: keep-alive
CF-Ray: 86a057371d377fe3-MAA
CF-Cache-Status: DYNAMIC
Content-Encoding: gzip
ETag: W/"76-sjtdCot5G+G2q02pgkD34gM5u6Q"
Vary: Accept-Encoding
rndr-id: 689271ba-1ace-4545
x-powered-by: Express
x-render-origin-server: Render
Server: cloudflare
alt-svc: h3=":443"; ma=86400

{
    "_id": "6601a8e1aad043375fcf3000",
    "name": "sukumark",
    "email": "sukumark123@gmail.com",
    "address": "Mumbai-567890",
    "__v": 0
}
]]></system-out>
  </testcase>
  <testcase name="deleteUser" classname="org.rest.ass.Beginning" time="0.61">
    <system-out><![CDATA[HTTP/1.1 201 Created
Date: Mon, 25 Mar 2024 16:40:06 GMT
Content-Type: application/json; charset=utf-8
Content-Length: 64
Connection: keep-alive
CF-Ray: 86a0573c2ba17f48-MAA
CF-Cache-Status: DYNAMIC
Content-Encoding: gzip
ETag: W/"28-PAt+Q5vdvHp3GlbJ343gozITdV8"
Vary: Accept-Encoding
rndr-id: 212fd1c7-a077-42a3
x-powered-by: Express
x-render-origin-server: Render
Server: cloudflare
alt-svc: h3=":443"; ma=86400

{
    "message": "User Deleted Successfully."
}
]]></system-out>
  </testcase>
  <testcase name="getUsers" classname="org.rest.ass.Beginning" time="0.516">
    <system-out><![CDATA[HTTP/1.1 200 OK
Date: Mon, 25 Mar 2024 16:40:06 GMT
Content-Type: application/json; charset=utf-8
Content-Length: 306
Connection: keep-alive
CF-Ray: 86a0573f2897a8fc-MAA
CF-Cache-Status: DYNAMIC
Content-Encoding: gzip
ETag: W/"2b7-0hxVEfWOJV21JZTTjc+o773teO0"
Vary: Accept-Encoding
rndr-id: b792ba34-90d5-4826
x-powered-by: Express
x-render-origin-server: Render
Server: cloudflare
alt-svc: h3=":443"; ma=86400

[
    {
        "_id": "65f42ef7dcec033f64785200",
        "name": "Murugesan K",
        "email": "murugesank@gmail.com",
        "address": "Karaikudi",
        "__v": 0
    },
    {
        "_id": "65f46398b56b92cb66e230ef",
        "name": "John Peter",
        "email": "johnpeter@gmail.com",
        "address": "Tiruppur",
        "__v": 0
    },
    {
        "_id": "65f463c9b56b92cb66e230f4",
        "name": "Venkatesh Prasath",
        "email": "venkateshprasath@gmail.com",
        "address": "Tiruchirapalli",
        "__v": 0
    },
    {
        "_id": "65f4718e08845cbd2f50666a",
        "name": "Saravana Kumar",
        "email": "saravanakumar@gmail.com",
        "address": "Erode",
        "__v": 0
    },
    {
        "_id": "65f8628065edf97b49580bd4",
        "name": "pavan",
        "email": "pavan@gmail.com",
        "address": "Mumbai",
        "__v": 0
    },
    {
        "_id": "65f8680565edf97b49580be1",
        "name": "Sukumar",
        "email": "sukumar@gmail.com",
        "address": "Mumbai",
        "__v": 0
    }
]
]]></system-out>
  </testcase>
</testsuite>