<?xml version="1.0" encoding="UTF-8"?>
<!-- Generated by org.testng.reporters.JUnitReportReporter -->
<testsuite hostname="home-PC" failures="0" tests="4" name="org.rest.ass.Beginning" time="12.203" errors="0" timestamp="2024-03-18T21:57:51 IST" skipped="0">
  <testcase classname="org.rest.ass.Beginning" name="createUser" time="10.555"/>
  <system-out/>
  <testcase classname="org.rest.ass.Beginning" name="updateUser" time="0.789"/>
  <system-out/>
  <testcase classname="org.rest.ass.Beginning" name="deleteUser" time="0.435"/>
  <system-out/>
  <testcase classname="org.rest.ass.Beginning" name="getUsers" time="0.424"/>
  <system-out/>
</testsuite> <!-- org.rest.ass.Beginning -->
