<?xml version="1.0" encoding="UTF-8"?>
<!-- Generated by org.testng.reporters.JUnitReportReporter -->
<testsuite hostname="home-PC" failures="0" tests="4" name="org.rest.ass.Beginning" time="11.986" errors="0" timestamp="2024-03-26T10:05:44 IST" skipped="0">
  <testcase classname="org.rest.ass.Beginning" name="createUser" time="10.276"/>
  <system-out/>
  <testcase classname="org.rest.ass.Beginning" name="updateUser" time="0.840"/>
  <system-out/>
  <testcase classname="org.rest.ass.Beginning" name="deleteUser" time="0.492"/>
  <system-out/>
  <testcase classname="org.rest.ass.Beginning" name="getUsers" time="0.378"/>
  <system-out/>
</testsuite> <!-- org.rest.ass.Beginning -->
