<?xml version="1.0" encoding="UTF-8"?>
<!-- Generated by org.testng.reporters.JUnitReportReporter -->
<testsuite hostname="home-PC" failures="0" tests="2" name="org.rest.ass.CreatePOSTMethod" time="12.808" errors="0" timestamp="2024-03-25T21:28:21 IST" skipped="0">
  <testcase classname="org.rest.ass.CreatePOSTMethod" name="testPostUsingExternalJSON" time="12.311"/>
  <system-out/>
  <testcase classname="org.rest.ass.CreatePOSTMethod" name="deleteRecord" time="0.497"/>
  <system-out/>
</testsuite> <!-- org.rest.ass.CreatePOSTMethod -->
