<?xml version="1.0" encoding="UTF-8"?>
<!-- Generated by org.testng.reporters.JUnitReportReporter -->
<testsuite hostname="home-PC" failures="0" tests="4" name="org.rest.ass.Beginning" time="14.603" errors="0" timestamp="2024-03-26T10:08:43 IST" skipped="0">
  <testcase classname="org.rest.ass.Beginning" name="createUser" time="13.046"/>
  <system-out/>
  <testcase classname="org.rest.ass.Beginning" name="updateUser" time="0.728"/>
  <system-out/>
  <testcase classname="org.rest.ass.Beginning" name="deleteUser" time="0.441"/>
  <system-out/>
  <testcase classname="org.rest.ass.Beginning" name="getUsers" time="0.388"/>
  <system-out/>
</testsuite> <!-- org.rest.ass.Beginning -->
