<?xml version="1.0" encoding="UTF-8"?>
<!-- Generated by org.testng.reporters.JUnitReportReporter -->
<testsuite hostname="home-PC" failures="0" tests="4" name="org.rest.ass.Beginning" time="14.003" errors="0" timestamp="2024-03-25T22:10:06 IST" skipped="0">
  <testcase classname="org.rest.ass.Beginning" name="createUser" time="12.146"/>
  <system-out/>
  <testcase classname="org.rest.ass.Beginning" name="updateUser" time="0.921"/>
  <system-out/>
  <testcase classname="org.rest.ass.Beginning" name="deleteUser" time="0.485"/>
  <system-out/>
  <testcase classname="org.rest.ass.Beginning" name="getUsers" time="0.451"/>
  <system-out/>
</testsuite> <!-- org.rest.ass.Beginning -->
